#    1 | steps:     9 | steps_t:     0 | t: 0.108935 | r:  -486.000000 | e:   1.000000 | Q:        nan | won: False 
#    2 | steps:    21 | steps_t:     0 | t: 0.138915 | r:  -489.000000 | e:   1.000000 | Q:        nan | won: False 
#    3 | steps:   147 | steps_t:     0 | t: 0.348785 | r:  -471.000000 | e:   1.000000 | Q:        nan | won: False 
#    4 | steps:   188 | steps_t:     0 | t: 0.425738 | r:  -430.000000 | e:   1.000000 | Q:        nan | won: False 
#    5 | steps:   279 | steps_t:     0 | t: 0.619617 | r:  -359.000000 | e:   1.000000 | Q:        nan | won: False 
#    6 | steps:   319 | steps_t:     0 | t: 0.730549 | r:  -407.000000 | e:   1.000000 | Q:        nan | won: False 
#    7 | steps:   352 | steps_t:     0 | t: 0.820493 | r:  -499.000000 | e:   1.000000 | Q:        nan | won: False 
#    8 | steps:   389 | steps_t:     0 | t: 0.897445 | r:  -393.000000 | e:   1.000000 | Q:        nan | won: False 
#    9 | steps:   407 | steps_t:     0 | t: 0.936422 | r:  -440.000000 | e:   1.000000 | Q:        nan | won: False 
#   10 | steps:   441 | steps_t:     0 | t: 1.019371 | r:  -445.000000 | e:   1.000000 | Q:        nan | won: False 
#   11 | steps:   458 | steps_t:     0 | t: 1.062345 | r:  -483.000000 | e:   1.000000 | Q:        nan | won: False 
#   12 | steps:   468 | steps_t:     0 | t: 1.082333 | r:  -465.000000 | e:   1.000000 | Q:        nan | won: False 
#   13 | steps:   579 | steps_t:     0 | t: 1.292202 | r:  -350.000000 | e:   1.000000 | Q:        nan | won: False 
#   14 | steps:   605 | steps_t:     0 | t: 1.348168 | r:  -481.000000 | e:   1.000000 | Q:        nan | won: False 
#   15 | steps:   648 | steps_t:     0 | t: 1.430117 | r:  -487.000000 | e:   1.000000 | Q:        nan | won: False 
#   16 | steps:   690 | steps_t:     0 | t: 1.516065 | r:  -475.000000 | e:   1.000000 | Q:        nan | won: False 
#   17 | steps:   710 | steps_t:     0 | t: 1.558038 | r:  -497.000000 | e:   1.000000 | Q:        nan | won: False 
#   18 | steps:   744 | steps_t:     0 | t: 1.621998 | r:  -423.000000 | e:   1.000000 | Q:        nan | won: False 
#   19 | steps:   772 | steps_t:     0 | t: 1.685959 | r:  -505.000000 | e:   1.000000 | Q:        nan | won: False 
#   20 | steps:   804 | steps_t:     0 | t: 1.748922 | r:  -443.000000 | e:   1.000000 | Q:        nan | won: False 
#   21 | steps:   818 | steps_t:     0 | t: 1.781901 | r:  -491.000000 | e:   1.000000 | Q:        nan | won: False 
#   22 | steps:  1127 | steps_t:     0 | t: 2.276594 | r:  -464.000000 | e:   1.000000 | Q:        nan | won: False 
#   23 | steps:  1138 | steps_t:     0 | t: 2.304577 | r:  -444.000000 | e:   1.000000 | Q:        nan | won: False 
#   24 | steps:  1154 | steps_t:     0 | t: 2.342553 | r:  -493.000000 | e:   1.000000 | Q:        nan | won: False 
#   25 | steps:  1284 | steps_t:     0 | t: 2.552425 | r:  -307.000000 | e:   1.000000 | Q:        nan | won: False 
#   26 | steps:  1380 | steps_t:     0 | t: 2.718323 | r:  -386.000000 | e:   1.000000 | Q:        nan | won: False 
#   27 | steps:  1409 | steps_t:     0 | t: 2.784281 | r:  -396.000000 | e:   1.000000 | Q:        nan | won: False 
#   28 | steps:  1421 | steps_t:     0 | t: 2.810265 | r:  -445.000000 | e:   1.000000 | Q:        nan | won: False 
#   29 | steps:  1438 | steps_t:     0 | t: 2.849242 | r:  -483.000000 | e:   1.000000 | Q:        nan | won: False 
#   30 | steps:  1459 | steps_t:     0 | t: 2.895212 | r:  -454.000000 | e:   1.000000 | Q:        nan | won: False 
#   31 | steps:  1499 | steps_t:     0 | t: 2.970166 | r:  -418.000000 | e:   1.000000 | Q:        nan | won: False 
#   32 | steps:  1513 | steps_t:     0 | t: 3.004146 | r:  -480.000000 | e:   1.000000 | Q:        nan | won: False 
#   33 | steps:  1584 | steps_t:     0 | t: 3.237001 | r:  -504.000000 | e:   1.000000 | Q:        nan | won: False 
#   34 | steps:  1603 | steps_t:     0 | t: 3.277977 | r:  -463.000000 | e:   1.000000 | Q:        nan | won: False 
#   35 | steps:  1664 | steps_t:     0 | t: 3.386909 | r:  -472.000000 | e:   1.000000 | Q:        nan | won: False 
#   36 | steps:  1689 | steps_t:     0 | t: 3.450869 | r:  -458.000000 | e:   1.000000 | Q:        nan | won: False 
#   37 | steps:  1733 | steps_t:     0 | t: 3.533818 | r:  -488.000000 | e:   1.000000 | Q:        nan | won: False 
#   38 | steps:  1775 | steps_t:     0 | t: 3.608772 | r:  -486.000000 | e:   1.000000 | Q:        nan | won: False 
#   39 | steps:  1822 | steps_t:     0 | t: 3.705712 | r:  -392.000000 | e:   1.000000 | Q:        nan | won: False 
#   40 | steps:  1842 | steps_t:     0 | t: 3.752683 | r:  -464.000000 | e:   1.000000 | Q:        nan | won: False 
#   41 | steps:  1933 | steps_t:     0 | t: 3.914583 | r:  -403.000000 | e:   1.000000 | Q:        nan | won: False 
#   42 | steps:  1950 | steps_t:     0 | t: 3.955558 | r:  -472.000000 | e:   1.000000 | Q:        nan | won: False 
#   43 | steps:  1965 | steps_t:     0 | t: 3.989542 | r:  -470.000000 | e:   1.000000 | Q:        nan | won: False 
#   44 | steps:  2004 | steps_t:     0 | t: 4.063493 | r:  -483.000000 | e:   1.000000 | Q:        nan | won: False 
#   45 | steps:  2021 | steps_t:     0 | t: 4.103467 | r:  -472.000000 | e:   1.000000 | Q:        nan | won: False 
#   46 | steps:  2029 | steps_t:     0 | t: 4.124456 | r:  -463.000000 | e:   1.000000 | Q:        nan | won: False 
#   47 | steps:  2074 | steps_t:     0 | t: 4.219395 | r:  -489.000000 | e:   1.000000 | Q:        nan | won: False 
#   48 | steps:  2086 | steps_t:     0 | t: 4.253374 | r:  -456.000000 | e:   1.000000 | Q:        nan | won: False 
#   49 | steps:  2113 | steps_t:     0 | t: 4.310340 | r:  -449.000000 | e:   1.000000 | Q:        nan | won: False 
#   50 | steps:  2147 | steps_t:     0 | t: 4.382295 | r:  -434.000000 | e:   1.000000 | Q:        nan | won: False 
#   51 | steps:  2157 | steps_t:     0 | t: 6.946558 | r:  -476.000000 | e:   1.000000 | Q:        nan | won: False 
#   52 | steps:  2184 | steps_t:     0 | t: 13.318130 | r:  -482.000000 | e:   1.000000 | Q:        nan | won: False 
